<?xml version="1.0" encoding="UTF-8"?>
<testng-results ignored="0" total="2" passed="2" failed="0" skipped="0">
  <reporter-output>
  </reporter-output>
  <suite started-at="2024-10-15T12:38:57 IST" name="Suite" finished-at="2024-10-15T12:39:25 IST" duration-ms="27967">
    <groups>
    </groups>
    <test started-at="2024-10-15T12:38:57 IST" name="SubmitOrder" finished-at="2024-10-15T12:39:25 IST" duration-ms="27967">
      <class name="SagarAcademy.loginToCheckout_hashmap2_json">
        <test-method is-config="true" signature="LaunchApplication()[pri:0, instance:SagarAcademy.loginToCheckout_hashmap2_json@57a78e3]" started-at="2024-10-15T12:38:58 IST" name="LaunchApplication" finished-at="2024-10-15T12:39:00 IST" duration-ms="2454" status="PASS">
          <reporter-output>
          </reporter-output>
        </test-method> <!-- LaunchApplication -->
        <test-method signature="submitOrder(java.util.HashMap)[pri:0, instance:SagarAcademy.loginToCheckout_hashmap2_json@57a78e3]" started-at="2024-10-15T12:39:00 IST" name="submitOrder" data-provider="getData" finished-at="2024-10-15T12:39:12 IST" duration-ms="11488" status="PASS">
          <params>
            <param index="0">
              <value>
                <![CDATA[{password=Sagar@91, product=ADIDAS ORIGINAL, email=John@mailinator.com}]]>
              </value>
            </param>
          </params>
          <reporter-output>
          </reporter-output>
        </test-method> <!-- submitOrder -->
        <test-method is-config="true" signature="teardown()[pri:0, instance:SagarAcademy.loginToCheckout_hashmap2_json@57a78e3]" started-at="2024-10-15T12:39:12 IST" name="teardown" finished-at="2024-10-15T12:39:12 IST" duration-ms="107" status="PASS">
          <reporter-output>
          </reporter-output>
        </test-method> <!-- teardown -->
        <test-method is-config="true" signature="LaunchApplication()[pri:0, instance:SagarAcademy.loginToCheckout_hashmap2_json@57a78e3]" started-at="2024-10-15T12:39:12 IST" name="LaunchApplication" finished-at="2024-10-15T12:39:14 IST" duration-ms="1849" status="PASS">
          <reporter-output>
          </reporter-output>
        </test-method> <!-- LaunchApplication -->
        <test-method signature="submitOrder(java.util.HashMap)[pri:0, instance:SagarAcademy.loginToCheckout_hashmap2_json@57a78e3]" started-at="2024-10-15T12:39:14 IST" name="submitOrder" data-provider="getData" finished-at="2024-10-15T12:39:25 IST" duration-ms="11528" status="PASS">
          <params>
            <param index="0">
              <value>
                <![CDATA[{password=Dummy@123, product=ZARA COAT 3, email=dummy@mailinator.com}]]>
              </value>
            </param>
          </params>
          <reporter-output>
          </reporter-output>
        </test-method> <!-- submitOrder -->
        <test-method is-config="true" signature="teardown()[pri:0, instance:SagarAcademy.loginToCheckout_hashmap2_json@57a78e3]" started-at="2024-10-15T12:39:25 IST" name="teardown" finished-at="2024-10-15T12:39:25 IST" duration-ms="145" status="PASS">
          <reporter-output>
          </reporter-output>
        </test-method> <!-- teardown -->
      </class> <!-- SagarAcademy.loginToCheckout_hashmap2_json -->
    </test> <!-- SubmitOrder -->
  </suite> <!-- Suite -->
</testng-results>
