<?xml version="1.0" encoding="UTF-8"?>
<testng-results ignored="0" total="1" passed="1" failed="0" skipped="0">
  <reporter-output>
  </reporter-output>
  <suite started-at="2024-10-09T12:59:08 IST" name="Default suite" finished-at="2024-10-09T12:59:11 IST" duration-ms="3544">
    <groups>
    </groups>
    <test started-at="2024-10-09T12:59:08 IST" name="Default test" finished-at="2024-10-09T12:59:11 IST" duration-ms="3544">
      <class name="SagarAcademy.errorMessage">
        <test-method is-config="true" signature="LaunchApplication()[pri:0, instance:SagarAcademy.errorMessage@795509d9]" started-at="2024-10-09T12:59:08 IST" name="LaunchApplication" finished-at="2024-10-09T12:59:10 IST" duration-ms="2779" status="PASS">
          <reporter-output>
          </reporter-output>
        </test-method> <!-- LaunchApplication -->
        <test-method signature="validationErrorMessage()[pri:0, instance:SagarAcademy.errorMessage@795509d9]" started-at="2024-10-09T12:59:10 IST" name="validationErrorMessage" finished-at="2024-10-09T12:59:11 IST" duration-ms="579" status="PASS">
          <reporter-output>
          </reporter-output>
        </test-method> <!-- validationErrorMessage -->
        <test-method is-config="true" signature="teardown()[pri:0, instance:SagarAcademy.errorMessage@795509d9]" started-at="2024-10-09T12:59:11 IST" name="teardown" finished-at="2024-10-09T12:59:11 IST" duration-ms="144" status="PASS">
          <reporter-output>
          </reporter-output>
        </test-method> <!-- teardown -->
      </class> <!-- SagarAcademy.errorMessage -->
    </test> <!-- Default test -->
  </suite> <!-- Default suite -->
</testng-results>
